<?xml version="1.0" encoding="UTF-8"?>
<testng-results ignored="0" total="1" passed="1" failed="0" skipped="0">
  <reporter-output>
  </reporter-output>
  <suite started-at="2021-01-19T11:59:13 EST" name="Cross Browsing Testing" finished-at="2021-01-19T11:59:59 EST" duration-ms="45696">
    <groups>
    </groups>
    <test started-at="2021-01-19T11:59:13 EST" name="ChromeTest" finished-at="2021-01-19T11:59:59 EST" duration-ms="45696">
      <class name="org.PlanCanadaTestAutomation.tests.SalesForce_TC01">
        <test-method is-config="true" signature="beforeSuite()[pri:0, instance:org.PlanCanadaTestAutomation.tests.SalesForce_TC01@79179359]" started-at="2021-01-19T11:59:13 EST" name="beforeSuite" finished-at="2021-01-19T11:59:13 EST" duration-ms="108" status="PASS">
          <reporter-output>
          </reporter-output>
        </test-method> <!-- beforeSuite -->
        <test-method is-config="true" signature="setUp(java.lang.String)[pri:0, instance:org.PlanCanadaTestAutomation.tests.SalesForce_TC01@79179359]" started-at="2021-01-19T11:59:13 EST" name="setUp" finished-at="2021-01-19T11:59:19 EST" duration-ms="6218" status="PASS">
          <params>
            <param index="0">
              <value>
                <![CDATA[chrome]]>
              </value>
            </param>
          </params>
          <reporter-output>
          </reporter-output>
        </test-method> <!-- setUp -->
        <test-method is-config="true" signature="beforeMethod()[pri:0, instance:org.PlanCanadaTestAutomation.tests.SalesForce_TC01@79179359]" started-at="2021-01-19T11:59:19 EST" name="beforeMethod" finished-at="2021-01-19T11:59:19 EST" duration-ms="0" status="PASS">
          <reporter-output>
          </reporter-output>
        </test-method> <!-- beforeMethod -->
        <test-method signature="salesForceTest()[pri:0, instance:org.PlanCanadaTestAutomation.tests.SalesForce_TC01@79179359]" started-at="2021-01-19T11:59:19 EST" name="salesForceTest" finished-at="2021-01-19T11:59:58 EST" duration-ms="38915" status="PASS">
          <reporter-output>
          </reporter-output>
        </test-method> <!-- salesForceTest -->
        <test-method is-config="true" signature="tearDown()[pri:0, instance:org.PlanCanadaTestAutomation.tests.SalesForce_TC01@79179359]" started-at="2021-01-19T11:59:58 EST" name="tearDown" finished-at="2021-01-19T11:59:59 EST" duration-ms="531" status="PASS">
          <reporter-output>
          </reporter-output>
        </test-method> <!-- tearDown -->
        <test-method is-config="true" signature="afterSuite()[pri:0, instance:org.PlanCanadaTestAutomation.tests.SalesForce_TC01@79179359]" started-at="2021-01-19T11:59:59 EST" name="afterSuite" finished-at="2021-01-19T11:59:59 EST" duration-ms="338" status="PASS">
          <reporter-output>
          </reporter-output>
        </test-method> <!-- afterSuite -->
      </class> <!-- org.PlanCanadaTestAutomation.tests.SalesForce_TC01 -->
    </test> <!-- ChromeTest -->
  </suite> <!-- Cross Browsing Testing -->
</testng-results>
